Arguments: 
  /Users/duannx/.nvm/versions/node/v12.20.0/bin/node /Users/duannx/.nvm/versions/node/v12.20.0/bin/yarn add -D vue^3.0.0

PATH: 
  /Users/duannx/works/google-cloud-sdk/bin:/Users/duannx/.nvm/versions/node/v12.20.0/bin:/Users/duannx/go/bin:/usr/local/sbin:/Users/duannx/.yarn/bin:/Users/duannx/.config/yarn/global/node_modules/.bin:/Library/Frameworks/Python.framework/Versions/3.7/bin:/usr/local/bin/python:/usr/local/bin:/Users/duannx/.local/bin:/Users/duannx/bin:/Users/duannx/bin:/usr/local/bin:/usr/local/bin:/usr/bin:/bin:/usr/sbin:/sbin:/usr/local/go/bin:/opt/X11/bin:/Library/Apple/usr/bin:/Users/duannx/works/google-cloud-sdk/bin:/Users/duannx/.nvm/versions/node/v12.20.0/bin:/Users/duannx/go/bin:/usr/local/sbin:/Users/duannx/.yarn/bin:/Users/duannx/.config/yarn/global/node_modules/.bin:/Library/Frameworks/Python.framework/Versions/3.7/bin:/usr/local/bin/python:/Users/duannx/.local/bin:/Users/duannx/bin:/Users/duannx/works/go/bin:/Users/duannx/works/docker/beeketing-docker/bin:/usr/local/Cellar/mysql@5.7/5.7.28/bin/:/Users/duannx/works/go/bin:/Users/duannx/works/docker/beeketing-docker/bin:/usr/local/Cellar/mysql@5.7/5.7.28/bin/

Yarn version: 
  1.22.11

Node version: 
  12.20.0

Platform: 
  darwin x64

Trace: 
  Error: https://registry.yarnpkg.com/vue%5E3.0.0: Not found
      at Request.params.callback [as _callback] (/Users/duannx/.nvm/versions/node/v12.20.0/lib/node_modules/yarn/lib/cli.js:66992:18)
      at Request.self.callback (/Users/duannx/.nvm/versions/node/v12.20.0/lib/node_modules/yarn/lib/cli.js:140763:22)
      at Request.emit (events.js:314:20)
      at Request.<anonymous> (/Users/duannx/.nvm/versions/node/v12.20.0/lib/node_modules/yarn/lib/cli.js:141735:10)
      at Request.emit (events.js:314:20)
      at IncomingMessage.<anonymous> (/Users/duannx/.nvm/versions/node/v12.20.0/lib/node_modules/yarn/lib/cli.js:141657:12)
      at Object.onceWrapper (events.js:420:28)
      at IncomingMessage.emit (events.js:326:22)
      at endReadableNT (_stream_readable.js:1241:12)
      at processTicksAndRejections (internal/process/task_queues.js:84:21)

npm manifest: 
  {
    "name": "vue-router-transition",
    "version": "1.0.0",
    "description": "Transition plugin for vue router next",
    "main": "index.js",
    "author": "duandz",
    "license": "MIT",
    "private": false,
    "dependencies": {
      "typescript": "^4.5.2"
    }
  }

yarn manifest: 
  No manifest

Lockfile: 
  # THIS IS AN AUTOGENERATED FILE. DO NOT EDIT THIS FILE DIRECTLY.
  # yarn lockfile v1
  
  
  typescript@^4.5.2:
    version "4.5.2"
    resolved "https://registry.yarnpkg.com/typescript/-/typescript-4.5.2.tgz#8ac1fba9f52256fdb06fb89e4122fa6a346c2998"
    integrity sha512-5BlMof9H1yGt0P8/WF+wPNw6GfctgGjXp5hkblpyT+8rkASSmkUKMXrxR0Xg8ThVCi/JnHQiKXeBaEwCeQwMFw==
